<?xml version="1.0" encoding="UTF-8"?><testrun name="RunTest" project="automation-web-selenium" tests="25" started="25" failures="0" errors="2" ignored="22">
  <testsuite name="br.com.sicredi.automation_web.tests.RunTest" time="11.675">
    <testsuite name="Funcionalidade: Efetuar Login/Logout no Woop - Sicredi" time="11.675">
      <testsuite name="Cenario: Efetuar todas as transacoes no Woop Web" time="8.194" incomplete="true">
        <error>org.openqa.selenium.TimeoutException: Expected condition failed: waiting for visibility of Proxy element for: DefaultElementLocator 'By.className: format-markdown' (tried for 5 second(s) with 10 milliseconds interval)&#13;
	at org.openqa.selenium.support.ui.FluentWait.timeoutException(FluentWait.java:303)&#13;
	at org.openqa.selenium.support.ui.FluentWait.until(FluentWait.java:271)&#13;
	at br.com.sicredi.automation_web.pages.BasePage.waitElement(BasePage.java:81)&#13;
	at br.com.sicredi.automation_web.pages.selenium.AjudaPage.acessaAjuda(AjudaPage.java:18)&#13;
	at br.com.sicredi.automation_web.steps.selenium.AjudaPageSteps.acessaMenuAjuda(AjudaPageSteps.java:11)&#13;
	at ✽.Entao devo conseguir acessar o menu Ajuda(features/000-EndToEnd.feature:9)&#13;
Caused by: org.openqa.selenium.NoSuchElementException: no such element: Unable to locate element: {"method":"class name","selector":"format-markdown"}
  (Session info: chrome=66.0.3359.139)
  (Driver info: chromedriver=2.36.540470 (e522d04694c7ebea4ba8821272dbef4f9b818c91),platform=Windows NT 10.0.16299 x86_64) (WARNING: The server did not provide any stacktrace information)
Command duration or timeout: 0 milliseconds
For documentation on this error, please visit: http://seleniumhq.org/exceptions/no_such_element.html
Build info: version: '3.11.0', revision: 'e59cfb3', time: '2018-03-11T20:26:55.152Z'
System info: host: 'DESKTOP-U2C107C', ip: '172.22.205.27', os.name: 'Windows 10', os.arch: 'amd64', os.version: '10.0', java.version: '1.8.0_171'
Driver info: org.openqa.selenium.chrome.ChromeDriver
Capabilities {acceptInsecureCerts: false, acceptSslCerts: false, applicationCacheEnabled: false, browserConnectionEnabled: false, browserName: chrome, chrome: {chromedriverVersion: 2.36.540470 (e522d04694c7eb..., userDataDir: C:\Users\user\AppData\Local...}, cssSelectorsEnabled: true, databaseEnabled: false, handlesAlerts: true, hasTouchScreen: false, javascriptEnabled: true, locationContextEnabled: true, mobileEmulationEnabled: false, nativeEvents: true, networkConnectionEnabled: false, pageLoadStrategy: normal, platform: XP, platformName: XP, rotatable: false, setWindowRect: true, takesHeapSnapshot: true, takesScreenshot: true, unexpectedAlertBehaviour: accept, unhandledPromptBehavior: accept, version: 66.0.3359.139, webStorageEnabled: true}
Session ID: 2ca4bd718998c954ea78bfbd2019adf0
*** Element info: {Using=class name, value=format-markdown}&#13;
	at sun.reflect.GeneratedConstructorAccessor18.newInstance(Unknown Source)&#13;
	at sun.reflect.DelegatingConstructorAccessorImpl.newInstance(Unknown Source)&#13;
	at java.lang.reflect.Constructor.newInstance(Unknown Source)&#13;
	at org.openqa.selenium.remote.ErrorHandler.createThrowable(ErrorHandler.java:214)&#13;
	at org.openqa.selenium.remote.ErrorHandler.throwIfResponseFailed(ErrorHandler.java:166)&#13;
	at org.openqa.selenium.remote.http.JsonHttpResponseCodec.reconstructValue(JsonHttpResponseCodec.java:40)&#13;
	at org.openqa.selenium.remote.http.AbstractHttpResponseCodec.decode(AbstractHttpResponseCodec.java:80)&#13;
	at org.openqa.selenium.remote.http.AbstractHttpResponseCodec.decode(AbstractHttpResponseCodec.java:44)&#13;
	at org.openqa.selenium.remote.HttpCommandExecutor.execute(HttpCommandExecutor.java:158)&#13;
	at org.openqa.selenium.remote.service.DriverCommandExecutor.execute(DriverCommandExecutor.java:83)&#13;
	at org.openqa.selenium.remote.RemoteWebDriver.execute(RemoteWebDriver.java:545)&#13;
	at org.openqa.selenium.remote.RemoteWebDriver.findElement(RemoteWebDriver.java:319)&#13;
	at org.openqa.selenium.remote.RemoteWebDriver.findElementByClassName(RemoteWebDriver.java:405)&#13;
	at org.openqa.selenium.By$ByClassName.findElement(By.java:391)&#13;
	at org.openqa.selenium.remote.RemoteWebDriver.findElement(RemoteWebDriver.java:311)&#13;
	at org.openqa.selenium.support.pagefactory.DefaultElementLocator.findElement(DefaultElementLocator.java:69)&#13;
	at org.openqa.selenium.support.pagefactory.internal.LocatingElementHandler.invoke(LocatingElementHandler.java:38)&#13;
	at com.sun.proxy.$Proxy22.isDisplayed(Unknown Source)&#13;
	at org.openqa.selenium.support.ui.ExpectedConditions.elementIfVisible(ExpectedConditions.java:315)&#13;
	at org.openqa.selenium.support.ui.ExpectedConditions.access$100(ExpectedConditions.java:44)&#13;
	at org.openqa.selenium.support.ui.ExpectedConditions$10.apply(ExpectedConditions.java:301)&#13;
	at org.openqa.selenium.support.ui.ExpectedConditions$10.apply(ExpectedConditions.java:298)&#13;
	at org.openqa.selenium.support.ui.FluentWait.until(FluentWait.java:248)&#13;
	at br.com.sicredi.automation_web.pages.BasePage.waitElement(BasePage.java:81)&#13;
	at br.com.sicredi.automation_web.pages.selenium.AjudaPage.acessaAjuda(AjudaPage.java:18)&#13;
	at br.com.sicredi.automation_web.steps.selenium.AjudaPageSteps.acessaMenuAjuda(AjudaPageSteps.java:11)&#13;
	at sun.reflect.NativeMethodAccessorImpl.invoke0(Native Method)&#13;
	at sun.reflect.NativeMethodAccessorImpl.invoke(Unknown Source)&#13;
	at sun.reflect.DelegatingMethodAccessorImpl.invoke(Unknown Source)&#13;
	at java.lang.reflect.Method.invoke(Unknown Source)&#13;
	at cucumber.runtime.Utils$1.call(Utils.java:40)&#13;
	at cucumber.runtime.Timeout.timeout(Timeout.java:16)&#13;
	at cucumber.runtime.Utils.invoke(Utils.java:34)&#13;
	at cucumber.runtime.java.JavaStepDefinition.execute(JavaStepDefinition.java:38)&#13;
	at cucumber.runtime.StepDefinitionMatch.runStep(StepDefinitionMatch.java:37)&#13;
	at cucumber.runtime.Runtime.runStep(Runtime.java:300)&#13;
	at cucumber.runtime.model.StepContainer.runStep(StepContainer.java:44)&#13;
	at cucumber.runtime.model.StepContainer.runSteps(StepContainer.java:39)&#13;
	at cucumber.runtime.model.CucumberScenario.run(CucumberScenario.java:44)&#13;
	at cucumber.runtime.junit.ExecutionUnitRunner.run(ExecutionUnitRunner.java:102)&#13;
	at cucumber.runtime.junit.FeatureRunner.runChild(FeatureRunner.java:63)&#13;
	at cucumber.runtime.junit.FeatureRunner.runChild(FeatureRunner.java:18)&#13;
	at org.junit.runners.ParentRunner$3.run(ParentRunner.java:290)&#13;
	at org.junit.runners.ParentRunner$1.schedule(ParentRunner.java:71)&#13;
	at org.junit.runners.ParentRunner.runChildren(ParentRunner.java:288)&#13;
	at org.junit.runners.ParentRunner.access$000(ParentRunner.java:58)&#13;
	at org.junit.runners.ParentRunner$2.evaluate(ParentRunner.java:268)&#13;
	at org.junit.runners.ParentRunner.run(ParentRunner.java:363)&#13;
	at cucumber.runtime.junit.FeatureRunner.run(FeatureRunner.java:70)&#13;
	at cucumber.api.junit.Cucumber.runChild(Cucumber.java:95)&#13;
	at cucumber.api.junit.Cucumber.runChild(Cucumber.java:38)&#13;
	at org.junit.runners.ParentRunner$3.run(ParentRunner.java:290)&#13;
	at org.junit.runners.ParentRunner$1.schedule(ParentRunner.java:71)&#13;
	at org.junit.runners.ParentRunner.runChildren(ParentRunner.java:288)&#13;
	at org.junit.runners.ParentRunner.access$000(ParentRunner.java:58)&#13;
	at org.junit.runners.ParentRunner$2.evaluate(ParentRunner.java:268)&#13;
	at org.junit.rules.TestWatcher$1.evaluate(TestWatcher.java:55)&#13;
	at org.junit.rules.RunRules.evaluate(RunRules.java:20)&#13;
	at org.junit.runners.ParentRunner.run(ParentRunner.java:363)&#13;
	at cucumber.api.junit.Cucumber.run(Cucumber.java:100)&#13;
	at org.eclipse.jdt.internal.junit4.runner.JUnit4TestReference.run(JUnit4TestReference.java:86)&#13;
	at org.eclipse.jdt.internal.junit.runner.TestExecution.run(TestExecution.java:38)&#13;
	at org.eclipse.jdt.internal.junit.runner.RemoteTestRunner.runTests(RemoteTestRunner.java:538)&#13;
	at org.eclipse.jdt.internal.junit.runner.RemoteTestRunner.runTests(RemoteTestRunner.java:760)&#13;
	at org.eclipse.jdt.internal.junit.runner.RemoteTestRunner.run(RemoteTestRunner.java:460)&#13;
	at org.eclipse.jdt.internal.junit.runner.RemoteTestRunner.main(RemoteTestRunner.java:206)&#13;
&#13;
</error>
        <testcase name="Dado que estou na HomePage do Woop" classname="Cenario: Efetuar todas as transacoes no Woop Web" time="1.242"/>
        <testcase name="Quando estou logado" classname="Cenario: Efetuar todas as transacoes no Woop Web" time="6.95"/>
        <testcase name="Entao devo conseguir acessar o menu Ajuda" classname="Cenario: Efetuar todas as transacoes no Woop Web" time="0.001">
          <error>org.openqa.selenium.TimeoutException: Expected condition failed: waiting for visibility of Proxy element for: DefaultElementLocator 'By.className: format-markdown' (tried for 5 second(s) with 10 milliseconds interval)&#13;
	at org.openqa.selenium.support.ui.FluentWait.timeoutException(FluentWait.java:303)&#13;
	at org.openqa.selenium.support.ui.FluentWait.until(FluentWait.java:271)&#13;
	at br.com.sicredi.automation_web.pages.BasePage.waitElement(BasePage.java:81)&#13;
	at br.com.sicredi.automation_web.pages.selenium.AjudaPage.acessaAjuda(AjudaPage.java:18)&#13;
	at br.com.sicredi.automation_web.steps.selenium.AjudaPageSteps.acessaMenuAjuda(AjudaPageSteps.java:11)&#13;
	at ✽.Entao devo conseguir acessar o menu Ajuda(features/000-EndToEnd.feature:9)&#13;
Caused by: org.openqa.selenium.NoSuchElementException: no such element: Unable to locate element: {"method":"class name","selector":"format-markdown"}
  (Session info: chrome=66.0.3359.139)
  (Driver info: chromedriver=2.36.540470 (e522d04694c7ebea4ba8821272dbef4f9b818c91),platform=Windows NT 10.0.16299 x86_64) (WARNING: The server did not provide any stacktrace information)
Command duration or timeout: 0 milliseconds
For documentation on this error, please visit: http://seleniumhq.org/exceptions/no_such_element.html
Build info: version: '3.11.0', revision: 'e59cfb3', time: '2018-03-11T20:26:55.152Z'
System info: host: 'DESKTOP-U2C107C', ip: '172.22.205.27', os.name: 'Windows 10', os.arch: 'amd64', os.version: '10.0', java.version: '1.8.0_171'
Driver info: org.openqa.selenium.chrome.ChromeDriver
Capabilities {acceptInsecureCerts: false, acceptSslCerts: false, applicationCacheEnabled: false, browserConnectionEnabled: false, browserName: chrome, chrome: {chromedriverVersion: 2.36.540470 (e522d04694c7eb..., userDataDir: C:\Users\user\AppData\Local...}, cssSelectorsEnabled: true, databaseEnabled: false, handlesAlerts: true, hasTouchScreen: false, javascriptEnabled: true, locationContextEnabled: true, mobileEmulationEnabled: false, nativeEvents: true, networkConnectionEnabled: false, pageLoadStrategy: normal, platform: XP, platformName: XP, rotatable: false, setWindowRect: true, takesHeapSnapshot: true, takesScreenshot: true, unexpectedAlertBehaviour: accept, unhandledPromptBehavior: accept, version: 66.0.3359.139, webStorageEnabled: true}
Session ID: 2ca4bd718998c954ea78bfbd2019adf0
*** Element info: {Using=class name, value=format-markdown}&#13;
	at sun.reflect.GeneratedConstructorAccessor18.newInstance(Unknown Source)&#13;
	at sun.reflect.DelegatingConstructorAccessorImpl.newInstance(Unknown Source)&#13;
	at java.lang.reflect.Constructor.newInstance(Unknown Source)&#13;
	at org.openqa.selenium.remote.ErrorHandler.createThrowable(ErrorHandler.java:214)&#13;
	at org.openqa.selenium.remote.ErrorHandler.throwIfResponseFailed(ErrorHandler.java:166)&#13;
	at org.openqa.selenium.remote.http.JsonHttpResponseCodec.reconstructValue(JsonHttpResponseCodec.java:40)&#13;
	at org.openqa.selenium.remote.http.AbstractHttpResponseCodec.decode(AbstractHttpResponseCodec.java:80)&#13;
	at org.openqa.selenium.remote.http.AbstractHttpResponseCodec.decode(AbstractHttpResponseCodec.java:44)&#13;
	at org.openqa.selenium.remote.HttpCommandExecutor.execute(HttpCommandExecutor.java:158)&#13;
	at org.openqa.selenium.remote.service.DriverCommandExecutor.execute(DriverCommandExecutor.java:83)&#13;
	at org.openqa.selenium.remote.RemoteWebDriver.execute(RemoteWebDriver.java:545)&#13;
	at org.openqa.selenium.remote.RemoteWebDriver.findElement(RemoteWebDriver.java:319)&#13;
	at org.openqa.selenium.remote.RemoteWebDriver.findElementByClassName(RemoteWebDriver.java:405)&#13;
	at org.openqa.selenium.By$ByClassName.findElement(By.java:391)&#13;
	at org.openqa.selenium.remote.RemoteWebDriver.findElement(RemoteWebDriver.java:311)&#13;
	at org.openqa.selenium.support.pagefactory.DefaultElementLocator.findElement(DefaultElementLocator.java:69)&#13;
	at org.openqa.selenium.support.pagefactory.internal.LocatingElementHandler.invoke(LocatingElementHandler.java:38)&#13;
	at com.sun.proxy.$Proxy22.isDisplayed(Unknown Source)&#13;
	at org.openqa.selenium.support.ui.ExpectedConditions.elementIfVisible(ExpectedConditions.java:315)&#13;
	at org.openqa.selenium.support.ui.ExpectedConditions.access$100(ExpectedConditions.java:44)&#13;
	at org.openqa.selenium.support.ui.ExpectedConditions$10.apply(ExpectedConditions.java:301)&#13;
	at org.openqa.selenium.support.ui.ExpectedConditions$10.apply(ExpectedConditions.java:298)&#13;
	at org.openqa.selenium.support.ui.FluentWait.until(FluentWait.java:248)&#13;
	at br.com.sicredi.automation_web.pages.BasePage.waitElement(BasePage.java:81)&#13;
	at br.com.sicredi.automation_web.pages.selenium.AjudaPage.acessaAjuda(AjudaPage.java:18)&#13;
	at br.com.sicredi.automation_web.steps.selenium.AjudaPageSteps.acessaMenuAjuda(AjudaPageSteps.java:11)&#13;
	at sun.reflect.NativeMethodAccessorImpl.invoke0(Native Method)&#13;
	at sun.reflect.NativeMethodAccessorImpl.invoke(Unknown Source)&#13;
	at sun.reflect.DelegatingMethodAccessorImpl.invoke(Unknown Source)&#13;
	at java.lang.reflect.Method.invoke(Unknown Source)&#13;
	at cucumber.runtime.Utils$1.call(Utils.java:40)&#13;
	at cucumber.runtime.Timeout.timeout(Timeout.java:16)&#13;
	at cucumber.runtime.Utils.invoke(Utils.java:34)&#13;
	at cucumber.runtime.java.JavaStepDefinition.execute(JavaStepDefinition.java:38)&#13;
	at cucumber.runtime.StepDefinitionMatch.runStep(StepDefinitionMatch.java:37)&#13;
	at cucumber.runtime.Runtime.runStep(Runtime.java:300)&#13;
	at cucumber.runtime.model.StepContainer.runStep(StepContainer.java:44)&#13;
	at cucumber.runtime.model.StepContainer.runSteps(StepContainer.java:39)&#13;
	at cucumber.runtime.model.CucumberScenario.run(CucumberScenario.java:44)&#13;
	at cucumber.runtime.junit.ExecutionUnitRunner.run(ExecutionUnitRunner.java:102)&#13;
	at cucumber.runtime.junit.FeatureRunner.runChild(FeatureRunner.java:63)&#13;
	at cucumber.runtime.junit.FeatureRunner.runChild(FeatureRunner.java:18)&#13;
	at org.junit.runners.ParentRunner$3.run(ParentRunner.java:290)&#13;
	at org.junit.runners.ParentRunner$1.schedule(ParentRunner.java:71)&#13;
	at org.junit.runners.ParentRunner.runChildren(ParentRunner.java:288)&#13;
	at org.junit.runners.ParentRunner.access$000(ParentRunner.java:58)&#13;
	at org.junit.runners.ParentRunner$2.evaluate(ParentRunner.java:268)&#13;
	at org.junit.runners.ParentRunner.run(ParentRunner.java:363)&#13;
	at cucumber.runtime.junit.FeatureRunner.run(FeatureRunner.java:70)&#13;
	at cucumber.api.junit.Cucumber.runChild(Cucumber.java:95)&#13;
	at cucumber.api.junit.Cucumber.runChild(Cucumber.java:38)&#13;
	at org.junit.runners.ParentRunner$3.run(ParentRunner.java:290)&#13;
	at org.junit.runners.ParentRunner$1.schedule(ParentRunner.java:71)&#13;
	at org.junit.runners.ParentRunner.runChildren(ParentRunner.java:288)&#13;
	at org.junit.runners.ParentRunner.access$000(ParentRunner.java:58)&#13;
	at org.junit.runners.ParentRunner$2.evaluate(ParentRunner.java:268)&#13;
	at org.junit.rules.TestWatcher$1.evaluate(TestWatcher.java:55)&#13;
	at org.junit.rules.RunRules.evaluate(RunRules.java:20)&#13;
	at org.junit.runners.ParentRunner.run(ParentRunner.java:363)&#13;
	at cucumber.api.junit.Cucumber.run(Cucumber.java:100)&#13;
	at org.eclipse.jdt.internal.junit4.runner.JUnit4TestReference.run(JUnit4TestReference.java:86)&#13;
	at org.eclipse.jdt.internal.junit.runner.TestExecution.run(TestExecution.java:38)&#13;
	at org.eclipse.jdt.internal.junit.runner.RemoteTestRunner.runTests(RemoteTestRunner.java:538)&#13;
	at org.eclipse.jdt.internal.junit.runner.RemoteTestRunner.runTests(RemoteTestRunner.java:760)&#13;
	at org.eclipse.jdt.internal.junit.runner.RemoteTestRunner.run(RemoteTestRunner.java:460)&#13;
	at org.eclipse.jdt.internal.junit.runner.RemoteTestRunner.main(RemoteTestRunner.java:206)&#13;
&#13;
</error>
        </testcase>
        <testcase name="E clico em Minimizar chat" classname="Cenario: Efetuar todas as transacoes no Woop Web" time="0.0" ignored="true"/>
        <testcase name="E posiciono o mouse sobre o menu Saldo" classname="Cenario: Efetuar todas as transacoes no Woop Web" time="0.0" ignored="true"/>
        <testcase name="E devo conseguir visualizar meu saldo" classname="Cenario: Efetuar todas as transacoes no Woop Web" time="0.0" ignored="true"/>
        <testcase name="E devo conseguir acessar o Menu Perfil" classname="Cenario: Efetuar todas as transacoes no Woop Web" time="0.0" ignored="true"/>
        <testcase name="E devo conseguir acessar o Menu Notificacoes" classname="Cenario: Efetuar todas as transacoes no Woop Web" time="0.001" ignored="true"/>
        <testcase name="E clico no botao Voltar" classname="Cenario: Efetuar todas as transacoes no Woop Web" time="0.0" ignored="true"/>
        <testcase name="E devo conseguir acessar o menu Meus dados" classname="Cenario: Efetuar todas as transacoes no Woop Web" time="0.0" ignored="true"/>
        <testcase name="E clico no X" classname="Cenario: Efetuar todas as transacoes no Woop Web" time="0.0" ignored="true"/>
        <testcase name="E devo conseguir acessar o menu Extrato e visualizar a tela Gestao financeira" classname="Cenario: Efetuar todas as transacoes no Woop Web" time="0.0" ignored="true"/>
        <testcase name="E volto para a Home" classname="Cenario: Efetuar todas as transacoes no Woop Web" time="0.001" ignored="true"/>
        <testcase name="E devo conseguir acessar o menu Transferir e visualizar a tela Transferir Grana" classname="Cenario: Efetuar todas as transacoes no Woop Web" time="0.0" ignored="true"/>
        <testcase name="E volto para a Home" classname="Cenario: Efetuar todas as transacoes no Woop Web" time="0.0" ignored="true"/>
        <testcase name="E devo conseguir acessar o menu Pagar e visualizar a tela Pagamentos" classname="Cenario: Efetuar todas as transacoes no Woop Web" time="0.0" ignored="true"/>
        <testcase name="E volto para a Home" classname="Cenario: Efetuar todas as transacoes no Woop Web" time="0.001" ignored="true"/>
        <testcase name="E devo conseguir acessar o Menu Pagamentos" classname="Cenario: Efetuar todas as transacoes no Woop Web" time="0.0" ignored="true"/>
        <testcase name="E devo conseguir acessar o Menu Saldo e Extrato" classname="Cenario: Efetuar todas as transacoes no Woop Web" time="0.0" ignored="true"/>
        <testcase name="E devo conseguir acessar o Menu Transferencia" classname="Cenario: Efetuar todas as transacoes no Woop Web" time="0.0" ignored="true"/>
        <testcase name="E devo conseguir acessar o Menu Cartoes" classname="Cenario: Efetuar todas as transacoes no Woop Web" time="0.001" ignored="true"/>
        <testcase name="E devo conseguir acessar o Menu Comprovantes" classname="Cenario: Efetuar todas as transacoes no Woop Web" time="0.001" ignored="true"/>
        <testcase name="E devo conseguir acessar o Menu Credito" classname="Cenario: Efetuar todas as transacoes no Woop Web" time="0.001" ignored="true"/>
        <testcase name="E devo conseguir acessar o Menu Poupanca" classname="Cenario: Efetuar todas as transacoes no Woop Web" time="0.001" ignored="true"/>
        <testcase name="E devo conseguir acessar o Menu Minha Cooperativa" classname="Cenario: Efetuar todas as transacoes no Woop Web" time="3.473" ignored="true"/>
      </testsuite>
    </testsuite>
  </testsuite>
</testrun>
